<?xml version="1.0" encoding="UTF-8"?>
<!-- Generated by org.testng.reporters.JUnitReportReporter -->
<testsuite hostname="Lenovo-PC" name="mavendemo.Demo1" tests="1" failures="0" timestamp="25 Feb 2019 15:45:30 GMT" time="12.103" errors="0">
  <testcase name="testA" time="12.103" classname="mavendemo.Demo1"/>
</testsuite> <!-- mavendemo.Demo1 -->
